1585748370802	mozrunner::runner	INFO	Running command: "/usr/bin/firefox" "-marionette" "-foreground" "-no-remote" "-profile" "/tmp/rust_mozprofile3MsFxv"
1585748371503	addons.webextension.doh-rollout@mozilla.org	WARN	Loading extension 'doh-rollout@mozilla.org': Reading manifest: Invalid extension permission: networkStatus
1585748371552	addons.webextension.screenshots@mozilla.org	WARN	Loading extension 'screenshots@mozilla.org': Reading manifest: Invalid extension permission: mozillaAddons
1585748371553	addons.webextension.screenshots@mozilla.org	WARN	Loading extension 'screenshots@mozilla.org': Reading manifest: Invalid extension permission: telemetry
1585748371553	addons.webextension.screenshots@mozilla.org	WARN	Loading extension 'screenshots@mozilla.org': Reading manifest: Invalid extension permission: resource://pdf.js/
1585748371553	addons.webextension.screenshots@mozilla.org	WARN	Loading extension 'screenshots@mozilla.org': Reading manifest: Invalid extension permission: about:reader*
1585748376359	Marionette	INFO	Listening on port 38157
1585748376418	Marionette	WARN	TLS certificate errors will be ignored for this session
JavaScript error: https://www.cars.com/profile/secure/login/ line 5 > scriptElement, line 51: TypeError: document.body is null
JavaScript error: https://www.cars.com/profile/secure/login/ line 5 > scriptElement, line 2: ReferenceError: fbq is not defined
JavaScript error: https://www.cars.com/profile/secure/login/ line 5 > scriptElement, line 2: ReferenceError: _smtr is not defined
JavaScript error: https://www.cars.com/profile/secure/login/ line 5 > scriptElement, line 2: ReferenceError: _smtr is not defined
JavaScript error: https://www.cars.com/profile/secure/login/ line 5 > scriptElement, line 51: TypeError: document.body is null
JavaScript error: https://www.cars.com/profile/secure/login/ line 5 > scriptElement, line 2: ReferenceError: fbq is not defined
JavaScript error: https://www.cars.com/profile/secure/login/ line 5 > scriptElement, line 2: ReferenceError: _smtr is not defined
JavaScript error: https://www.cars.com/profile/secure/login/ line 5 > scriptElement, line 2: ReferenceError: _smtr is not defined
JavaScript error: https://www.cars.com/profile/secure/login/ line 5 > scriptElement, line 51: TypeError: document.body is null
JavaScript error: https://www.cars.com/profile/secure/login/ line 5 > scriptElement, line 2: ReferenceError: fbq is not defined
1585748400819	Marionette	WARN	TimedPromise timed out after 500 ms: stacktrace:
TimedPromise/<@chrome://marionette/content/sync.js:244:13
TimedPromise@chrome://marionette/content/sync.js:229:10
interaction.flushEventLoop@chrome://marionette/content/interaction.js:416:10
webdriverClickElement@chrome://marionette/content/interaction.js:182:31
1585748404093	Marionette	INFO	Stopped listening on port 38157
