1585835428079	mozrunner::runner	INFO	Running command: "/usr/bin/firefox" "-marionette" "-foreground" "-no-remote" "-profile" "/tmp/rust_mozprofile73xIN4"
1585835428546	addons.webextension.doh-rollout@mozilla.org	WARN	Loading extension 'doh-rollout@mozilla.org': Reading manifest: Invalid extension permission: networkStatus
1585835428608	addons.webextension.screenshots@mozilla.org	WARN	Loading extension 'screenshots@mozilla.org': Reading manifest: Invalid extension permission: mozillaAddons
1585835428608	addons.webextension.screenshots@mozilla.org	WARN	Loading extension 'screenshots@mozilla.org': Reading manifest: Invalid extension permission: telemetry
1585835428608	addons.webextension.screenshots@mozilla.org	WARN	Loading extension 'screenshots@mozilla.org': Reading manifest: Invalid extension permission: resource://pdf.js/
1585835428608	addons.webextension.screenshots@mozilla.org	WARN	Loading extension 'screenshots@mozilla.org': Reading manifest: Invalid extension permission: about:reader*
1585835432752	Marionette	INFO	Listening on port 41053
1585835432827	Marionette	WARN	TLS certificate errors will be ignored for this session
JavaScript error: https://www.cars.com/profile/secure/login/ line 5 > scriptElement, line 51: TypeError: document.body is null
JavaScript error: https://www.cars.com/profile/secure/login/ line 5 > scriptElement, line 2: ReferenceError: fbq is not defined
JavaScript error: https://www.cars.com/profile/secure/login/ line 5 > scriptElement, line 2: ReferenceError: _smtr is not defined
JavaScript error: https://www.cars.com/profile/secure/login/ line 5 > scriptElement, line 2: ReferenceError: _smtr is not defined
JavaScript error: https://www.cars.com/profile/secure/login/ line 5 > scriptElement, line 51: TypeError: document.body is null
JavaScript error: https://www.cars.com/profile/secure/login/ line 5 > scriptElement, line 2: ReferenceError: fbq is not defined
JavaScript error: https://www.cars.com/profile/secure/login/ line 5 > scriptElement, line 2: ReferenceError: _smtr is not defined
JavaScript error: https://www.cars.com/profile/secure/login/ line 5 > scriptElement, line 2: ReferenceError: _smtr is not defined
JavaScript error: https://www.cars.com/profile/secure/login/ line 5 > scriptElement, line 51: TypeError: document.body is null
JavaScript error: https://www.cars.com/profile/secure/login/ line 5 > scriptElement, line 2: ReferenceError: fbq is not defined
1585835460191	Marionette	INFO	Stopped listening on port 41053
console.error: (new Error("SessionFile is closed", "resource:///modules/sessionstore/SessionFile.jsm", 433))
