1585901516102	mozrunner::runner	INFO	Running command: "/usr/bin/firefox" "-marionette" "-foreground" "-no-remote" "-profile" "/tmp/rust_mozprofileAmZQti"
1585901516958	addons.webextension.doh-rollout@mozilla.org	WARN	Loading extension 'doh-rollout@mozilla.org': Reading manifest: Invalid extension permission: networkStatus
1585901517001	addons.webextension.screenshots@mozilla.org	WARN	Loading extension 'screenshots@mozilla.org': Reading manifest: Invalid extension permission: mozillaAddons
1585901517001	addons.webextension.screenshots@mozilla.org	WARN	Loading extension 'screenshots@mozilla.org': Reading manifest: Invalid extension permission: telemetry
1585901517001	addons.webextension.screenshots@mozilla.org	WARN	Loading extension 'screenshots@mozilla.org': Reading manifest: Invalid extension permission: resource://pdf.js/
1585901517002	addons.webextension.screenshots@mozilla.org	WARN	Loading extension 'screenshots@mozilla.org': Reading manifest: Invalid extension permission: about:reader*
1585901523212	Marionette	INFO	Listening on port 33447
1585901523289	Marionette	WARN	TLS certificate errors will be ignored for this session
JavaScript error: https://www.cars.com/profile/secure/login/ line 5 > scriptElement, line 51: TypeError: document.body is null
JavaScript error: https://www.cars.com/profile/secure/login/ line 5 > scriptElement, line 2: ReferenceError: fbq is not defined
JavaScript error: https://www.cars.com/profile/secure/login/ line 5 > scriptElement, line 2: ReferenceError: _smtr is not defined
JavaScript error: https://www.cars.com/profile/secure/login/ line 5 > scriptElement, line 2: ReferenceError: _smtr is not defined
JavaScript error: https://www.cars.com/profile/secure/login/ line 5 > scriptElement, line 51: TypeError: document.body is null
JavaScript error: https://www.cars.com/profile/secure/login/ line 5 > scriptElement, line 2: ReferenceError: fbq is not defined
JavaScript error: https://www.cars.com/profile/secure/login/ line 5 > scriptElement, line 2: ReferenceError: _smtr is not defined
JavaScript error: https://www.cars.com/profile/secure/login/ line 5 > scriptElement, line 2: ReferenceError: _smtr is not defined
JavaScript error: https://www.cars.com/profile/secure/login/ line 5 > scriptElement, line 51: TypeError: document.body is null
JavaScript error: https://www.cars.com/profile/secure/login/ line 5 > scriptElement, line 2: ReferenceError: fbq is not defined
1585901553722	Marionette	WARN	TimedPromise timed out after 500 ms: stacktrace:
TimedPromise/<@chrome://marionette/content/sync.js:244:13
TimedPromise@chrome://marionette/content/sync.js:229:10
interaction.flushEventLoop@chrome://marionette/content/interaction.js:416:10
webdriverClickElement@chrome://marionette/content/interaction.js:182:31
1585901557080	Marionette	INFO	Stopped listening on port 33447
